  Fri Jun 11 2021 11:31                                                Page 1


                     ***************************************
                     **      WDC 65C816 Macro Assembler   **
                     **                                   **
                     **     Version 3.49.1- Feb  6 2006    **
                     ***************************************

     1                        ;:ts=8
     2             00000001   R0	equ	1
     3             00000005   R1	equ	5
     4             00000009   R2	equ	9
     5             0000000D   R3	equ	13
     6                        	.file	"G:\devprojects\c256Foenix\fxos\FXOSWork
                    space\FXOSv1\src\apgm.c",0
     7                        ;/*
     8                        ; * apgm.c
     9                        ; *
    10                        ; *  Created on: Mar 13, 2020
    11                        ; *      Author: mtbush
    12                        ; */
    13                        ;//#define _NOFAR
    14                        ;
    15                        ;#include "fxtypes.h"
    16                        	.file	"G:\devprojects\c256Foenix\fxos\FXOSWork
                    space\FXOSv1\src\fxtypes.h",0
    17                        	.stag	_fx_bytebits,8,1
    18                        	.member	b7,0,14,17,1
    19                        	.member	b6,1,14,17,1
    20                        	.member	b5,2,14,17,1
    21                        	.member	b4,3,14,17,1
    22                        	.member	b3,4,14,17,1
    23                        	.member	b2,5,14,17,1
    24                        	.member	b1,6,14,17,1
    25                        	.member	b0,7,14,17,1
    26                        	.eos
    27                        	.stag	_fx_node,384,2
    28                        	.member	type,0,14,8,8
    29                        	.member	Reserved0,8,14,8,8
    30                        	.member	data,16,129,8,32
    31                        	.member	last,48,138,8,32,2
    32                        	.member	next,80,138,8,32,2
    33                        	.member	name,112,110,8,0,32
    34                        	.member	Reserved1,368,16,8,16
    35                        	.eos
    36                        	.stag	_fx_nodelist,96,3
    37                        	.member	listhead,0,138,8,32,2
    38                        	.member	listData,32,129,8,32
    39                        	.member	deallocator,64,641,8,32
    40                        	.eos
    41                        	.stag	_fx_queue,80,4
    42                        	.member	count,0,5,8,16
    43                        	.member	front,16,138,8,32,2
    44                        	.member	rear,48,138,8,32,2
    45                        	.eos
    46                        	.stag	fake5_,32,5
    47                        	.member	subsystem,0,14,8,8
    48                        	.member	level,8,14,8,8
    49                        	.member	error,16,16,8,16
    50                        	.eos
  Fri Jun 11 2021 11:31                                                Page 2


    51                        	.stag	_fx_process_signal,16,6
    52                        	.member	cbSize,0,16,8,16
    53                        	.eos
    54                        	.stag	_fx_semaphore,16,7
    55                        	.member	reserved,0,5,8,16
    56                        	.eos
    57                        	.stag	_fx_fileBlock,552,8
    58                        	.member	openCount,0,16,8,16
    59                        	.member	lockCount,16,16,8,16
    60                        	.member	dirty,32,14,8,8
    61                        	.member	fileBuffer,40,110,8,0,64
    62                        	.eos
    63                        	.stag	_fx_irq_data,48,9
    64                        	.member	line,0,5,8,16
    65                        	.member	keycode,16,142,8,32
    66                        	.eos
    67                        	.stag	_task,48,10
    68                        	.member	SPL,0,14,8,8
    69                        	.member	SPH,8,14,8,8
    70                        	.member	pstack,16,142,8,32
    71                        	.eos
    72                        	.stag	_task_stack,32,11
    73                        	.member	SS,0,142,8,32
    74                        	.eos
    75                        	.stag	int_regs,104,12
    76                        	.member	PB,0,14,8,8
    77                        	.member	PH,8,14,8,8
    78                        	.member	PL,16,14,8,8
    79                        	.member	PP,24,14,8,8
    80                        	.member	DB,32,14,8,8
    81                        	.member	DH,40,14,8,8
    82                        	.member	DL,48,14,8,8
    83                        	.member	AH,56,14,8,8
    84                        	.member	AL,64,14,8,8
    85                        	.member	XH,72,14,8,8
    86                        	.member	XL,80,14,8,8
    87                        	.member	YH,88,14,8,8
    88                        	.member	YL,96,14,8,8
    89                        	.eos
    90                        	.stag	_fx_eventMessage,304,13
    91                        	.member	src,0,18,8,32
    92                        	.member	dest,32,18,8,32
    93                        	.member	type,64,16,8,16
    94                        	.member	hwnd,80,129,8,32
    95                        	.member	pheap,112,129,8,32
    96                        	.member	msgTime,144,18,8,32
    97                        	.member	data,176,110,8,0,16
    98                        	.eos
    99                        	.stag	_fx_cmdMessage,304,14
   100                        	.member	src,0,18,8,32
   101                        	.member	dest,32,18,8,32
   102                        	.member	type,64,16,8,16
   103                        	.member	hwnd,80,129,8,32
   104                        	.member	pheap,112,129,8,32
   105                        	.member	msgTime,144,18,8,32
   106                        	.member	cmdCId,176,16,8,16
   107                        	.member	cmdMId,192,16,8,16
   108                        	.member	parameter1,208,18,8,32
  Fri Jun 11 2021 11:31                                                Page 3


   109                        	.member	parameter2,240,18,8,32
   110                        	.member	parameter3,272,18,8,32
   111                        	.eos
   112                        	.stag	_fx_console_ctl,448,15
   113                        	.member	maxCols,0,5,8,16
   114                        	.member	maxRows,16,5,8,16
   115                        	.member	curX,32,5,8,16
   116                        	.member	curY,48,5,8,16
   117                        	.member	fgColor,64,5,8,16
   118                        	.member	bgColor,80,5,8,16
   119                        	.member	mode,96,14,8,8
   120                        	.member	kbBuffer,104,101,8,0,16
   121                        	.member	screenBuffer,360,142,8,32
   122                        	.member	desktopMode,392,14,8,8
   123                        	.member	lastMouseButton,400,5,8,16
   124                        	.member	lastMouseX,416,5,8,16
   125                        	.member	lastMouseY,432,5,8,16
   126                        	.eos
   127                        	.stag	_fx_desktop_ctl,392,16
   128                        	.member	desktopMode,0,14,8,8
   129                        	.member	cursorCtl,8,5,8,16
   130                        	.member	cursorState,24,5,8,16
   131                        	.member	backgroundColor,40,5,8,16
   132                        	.member	foregroundColor,56,5,8,16
   133                        	.member	menuMode,72,5,8,16
   134                        	.member	lastMouseButton,88,5,8,16
   135                        	.member	lastMouseX,104,5,8,16
   136                        	.member	lastMouseY,120,5,8,16
   137                        	.member	currentDiskName,136,142,8,32
   138                        	.member	diskNodes,168,129,8,32
   139                        	.member	titleNodes,200,129,8,32
   140                        	.member	menuNodes,232,129,8,32
   141                        	.member	iconNodes,264,129,8,32
   142                        	.member	windowNodes,296,129,8,32
   143                        	.member	fontNodes,328,129,8,32
   144                        	.member	wndProc,360,138,8,32,3
   145                        	.eos
   146                        	.stag	_fx_process,800,17
   147                        	.member	cbSize,0,5,8,16
   148                        	.member	procId,16,18,8,32
   149                        	.member	parentId,48,18,8,32
   150                        	.member	ctx,80,129,8,32
   151                        	.member	userId,112,16,8,16
   152                        	.member	status,128,16,8,16
   153                        	.member	foregroundActive,144,14,8,8
   154                        	.member	tls,152,1121,8,32,8
   155                        	.member	commandLine,408,142,8,32
   156                        	.member	semaphores,440,138,8,32,3
   157                        	.member	fileHandles,472,138,8,32,3
   158                        	.member	pathList,504,138,8,32,3
   159                        	.member	resources,536,138,8,32,3
   160                        	.member	timerAware,568,14,8,8
   161                        	.member	timerTicks,576,112,8,0,2
   162                        	.member	timerTickCount,608,112,8,0,2
   163                        	.member	kernelError,640,10,8,32,5
   164                        	.member	consoleCtl,672,138,8,32,15
   165                        	.member	desktopCtl,704,138,8,32,16
   166                        	.member	execProc,736,641,8,32
  Fri Jun 11 2021 11:31                                                Page 4


   167                        	.member	startupArgs,768,129,8,32
   168                        	.eos
   169                        	.stag	_fxProcessMessage,112,18
   170                        	.member	src,0,18,8,32
   171                        	.member	dest,32,18,8,32
   172                        	.member	type,64,16,8,16
   173                        	.member	processInfo,80,138,8,32,17
   174                        	.eos
   175                        	.stag	_fx_property,384,19
   176                        	.member	name,0,110,8,0,16
   177                        	.member	value,128,110,8,0,32
   178                        	.eos
   179                        	.utag	_24bitPointer,32,20
   180                        	.member	address,0,142,11,32
   181                        	.member	bytes,0,110,11,0,4
   182                        	.eos
   183                        	.stag	_PointStruct,32,21
   184                        	.member	x,0,5,8,16
   185                        	.member	y,16,5,8,16
   186                        	.eos
   187                        	.stag	_RectStruct,112,22
   188                        	.member	x,0,5,8,16
   189                        	.member	y,16,5,8,16
   190                        	.member	z,32,18,8,32
   191                        	.member	width,64,5,8,16
   192                        	.member	height,80,5,8,16
   193                        	.member	attr,96,5,8,16
   194                        	.eos
   195                        	.stag	fake23_,96,23
   196                        	.member	name,0,142,8,32
   197                        	.member	topLeft,32,10,8,32,21
   198                        	.member	bottomRight,64,10,8,32,21
   199                        	.eos
   200                        	.stag	fake24_,112,24
   201                        	.member	x,0,5,8,16
   202                        	.member	y,16,5,8,16
   203                        	.member	z,32,5,8,16
   204                        	.member	width,48,5,8,16
   205                        	.member	height,64,5,8,16
   206                        	.member	data,80,18,8,32
   207                        	.eos
   208                        	.stag	_k_WindowClass,272,25
   209                        	.member	cbSize,0,16,8,16
   210                        	.member	style,16,16,8,16
   211                        	.member	styleEx,32,16,8,16
   212                        	.member	pWndProc,48,654,8,32
   213                        	.member	hInstance,80,129,8,32
   214                        	.member	hIcon,112,129,8,32
   215                        	.member	hCursor,144,129,8,32
   216                        	.member	hbrBackground,176,129,8,32
   217                        	.member	lpszMenuName,208,142,8,32
   218                        	.member	lpszClassName,240,142,8,32
   219                        	.eos
   220                        	.stag	_ClickableRect,152,26
   221                        	.member	area,0,10,8,112,22
   222                        	.member	z,112,18,8,32
   223                        	.member	enabled,144,14,8,8
   224                        	.eos
  Fri Jun 11 2021 11:31                                                Page 5


   225                        	.stag	_NCClickableRect,136,27
   226                        	.member	area,0,10,8,112,22
   227                        	.member	msgType,112,16,8,16
   228                        	.member	enabled,128,14,8,8
   229                        	.eos
   230                        	.stag	_DragData,216,28
   231                        	.member	area,0,10,8,112,22
   232                        	.member	xoffset,112,5,8,16
   233                        	.member	yoffset,128,5,8,16
   234                        	.member	msgType,144,16,8,16
   235                        	.member	ncAction,160,16,8,16
   236                        	.member	isDrag,176,14,8,8
   237                        	.member	isResize,184,14,8,8
   238                        	.member	canDrag,192,14,8,8
   239                        	.member	canDrop,200,14,8,8
   240                        	.member	didDrag,208,14,8,8
   241                        	.eos
   242                        	.stag	_k_WindowStruct,3904,29
   243                        	.member	cbSize,0,16,8,16
   244                        	.member	style,16,18,8,32
   245                        	.member	styleEx,48,18,8,32
   246                        	.member	win_id,80,5,8,16
   247                        	.member	win_x,96,5,8,16
   248                        	.member	win_y,112,5,8,16
   249                        	.member	win_width,128,5,8,16
   250                        	.member	win_height,144,5,8,16
   251                        	.member	win_xoffset,160,5,8,16
   252                        	.member	win_yoffset,176,5,8,16
   253                        	.member	win_cxoffset,192,5,8,16
   254                        	.member	win_cyoffset,208,5,8,16
   255                        	.member	wndRect,224,10,8,112,22
   256                        	.member	clientRect,336,10,8,112,22
   257                        	.member	nonclientGadgets,448,106,8,0,27,16
   258                        	.member	clickable,2624,129,8,32
   259                        	.member	win_title,2656,110,8,0,32
   260                        	.member	Reserved0,2912,16,8,16
   261                        	.member	win_class,2928,110,8,0,16
   262                        	.member	win_class_name,3056,110,8,0,32
   263                        	.member	nBitmapLayer,3312,16,8,16
   264                        	.member	bgRegion,3328,129,8,32
   265                        	.member	procid,3360,18,8,32
   266                        	.member	pWndClass,3392,138,8,32,25
   267                        	.member	pParentWindow,3424,129,8,32
   268                        	.member	hMenu,3456,129,8,32
   269                        	.member	hPointer,3488,129,8,32
   270                        	.member	hBackground,3520,129,8,32
   271                        	.member	pChildWindows,3552,138,8,32,3
   272                        	.member	pChildHitList,3584,138,8,32,3
   273                        	.member	isVisible,3616,14,8,8
   274                        	.member	windowData,3624,129,8,32
   275                        	.member	clientData,3656,1121,8,32,6
   276                        	.member	isClosed,3848,14,8,8
   277                        	.member	isClosing,3856,14,8,8
   278                        	.member	isDesktop,3864,14,8,8
   279                        	.member	clickableNode,3872,138,8,32,2
   280                        	.eos
   281                        	.stag	_k_WindowStructEx,3880,30
   282                        	.member	cbSize,0,16,8,16
  Fri Jun 11 2021 11:31                                                Page 6


   283                        	.member	style,16,18,8,32
   284                        	.member	styleEx,48,18,8,32
   285                        	.member	win_id,80,5,8,16
   286                        	.member	win_x,96,5,8,16
   287                        	.member	win_y,112,5,8,16
   288                        	.member	win_width,128,5,8,16
   289                        	.member	win_height,144,5,8,16
   290                        	.member	win_xoffset,160,5,8,16
   291                        	.member	win_yoffset,176,5,8,16
   292                        	.member	win_cxoffset,192,5,8,16
   293                        	.member	win_cyoffset,208,5,8,16
   294                        	.member	wndRect,224,10,8,112,22
   295                        	.member	clientRect,336,10,8,112,22
   296                        	.member	nonclientGadgets,448,106,8,0,27,16
   297                        	.member	clickable,2624,129,8,32
   298                        	.member	win_title,2656,110,8,0,32
   299                        	.member	Reserved0,2912,16,8,16
   300                        	.member	win_class,2928,110,8,0,16
   301                        	.member	nBitmapLayer,3056,16,8,16
   302                        	.member	procid,3072,18,8,32
   303                        	.member	pWndClass,3104,138,8,32,25
   304                        	.member	pParentWindow,3136,129,8,32
   305                        	.member	hMenu,3168,129,8,32
   306                        	.member	hPointer,3200,129,8,32
   307                        	.member	hBackground,3232,129,8,32
   308                        	.member	pChildWindows,3264,138,8,32,3
   309                        	.member	pChildHitList,3296,138,8,32,3
   310                        	.member	isVisible,3328,14,8,8
   311                        	.member	windowData,3336,129,8,32
   312                        	.member	clientData,3368,1121,8,32,4
   313                        	.member	isClosed,3496,14,8,8
   314                        	.member	hWnd,3504,129,8,32
   315                        	.member	localRect,3536,10,8,112,22
   316                        	.member	globalRect,3648,10,8,112,22
   317                        	.member	clientOffsetRect,3760,10,8,112,22
   318                        	.member	isDesktop,3872,14,8,8
   319                        	.eos
   320                        	.stag	_FontMetric,32,31
   321                        	.member	width,0,5,8,16
   322                        	.member	height,16,5,8,16
   323                        	.eos
   324                        	.stag	_MenuStruct,280,32
   325                        	.member	cx,0,5,8,16
   326                        	.member	cy,16,5,8,16
   327                        	.member	width,32,5,8,16
   328                        	.member	height,48,5,8,16
   329                        	.member	fcolor,64,14,8,8
   330                        	.member	bcolor,72,14,8,8
   331                        	.member	chromeLeft,80,14,8,8
   332                        	.member	chromeRight1,88,14,8,8
   333                        	.member	chromeRight2,96,14,8,8
   334                        	.member	hFont,104,129,8,32
   335                        	.member	itemId,136,16,8,16
   336                        	.member	pCaption,152,142,8,32
   337                        	.member	subMenus,184,138,8,32,3
   338                        	.member	pBackground,216,129,8,32
   339                        	.member	hWndOwner,248,129,8,32
   340                        	.eos
  Fri Jun 11 2021 11:31                                                Page 7


   341                        	.stag	fake33_,160,33
   342                        	.member	menuId,0,16,8,16
   343                        	.member	caption,16,142,8,32
   344                        	.member	rect,48,10,8,112,22
   345                        	.eos
   346                        	.stag	fake34_,5152,34
   347                        	.member	pParent,0,138,8,32,29
   348                        	.member	rect,32,10,8,112,22
   349                        	.member	captions,144,1134,8,32,24
   350                        	.member	chrome,912,110,8,0,24
   351                        	.member	ids,1104,112,8,0,24
   352                        	.member	clickable,1488,106,8,0,26,24
   353                        	.member	selected,5136,16,8,16
   354                        	.eos
   355                        	.stag	_fx_button_t,96,35
   356                        	.member	pCaption,0,142,8,32
   357                        	.member	cCaption,32,16,8,16
   358                        	.member	data,48,129,8,32
   359                        	.member	captionPixelWidth,80,16,8,16
   360                        	.eos
   361                        	.stag	_fx_scrollbar_t,240,36
   362                        	.member	min,0,16,8,16
   363                        	.member	max,16,16,8,16
   364                        	.member	increment,32,16,8,16
   365                        	.member	stopsize,48,16,8,16
   366                        	.member	location,64,5,8,16
   367                        	.member	state,80,5,8,16
   368                        	.member	rectThumb,96,10,8,112,22
   369                        	.member	data,208,129,8,32
   370                        	.eos
   371                        	.stag	_fx_listbox_t,240,37
   372                        	.member	pos,0,5,8,16
   373                        	.member	selected,16,16,8,16
   374                        	.member	offsetX,32,5,8,16
   375                        	.member	offsetY,48,5,8,16
   376                        	.member	inc,64,5,8,16
   377                        	.member	direction,80,5,8,16
   378                        	.member	top,96,5,8,16
   379                        	.member	bottom,112,5,8,16
   380                        	.member	indexTop,128,5,8,16
   381                        	.member	indexBottom,144,5,8,16
   382                        	.member	maxItems,160,16,8,16
   383                        	.member	fontSet,176,142,8,32
   384                        	.member	data,208,129,8,32
   385                        	.eos
   386                        	.stag	_fx_textbox_t,144,38
   387                        	.member	pos,0,5,8,16
   388                        	.member	selected,16,16,8,16
   389                        	.member	offsetX,32,5,8,16
   390                        	.member	offsetY,48,5,8,16
   391                        	.member	isShifted,64,14,8,8
   392                        	.member	cursorState,72,14,8,8
   393                        	.member	fontSet,80,142,8,32
   394                        	.member	data,112,129,8,32
   395                        	.eos
   396                        	.stag	_fx_msgbox_t,144,39
   397                        	.member	pos,0,5,8,16
   398                        	.member	selected,16,16,8,16
  Fri Jun 11 2021 11:31                                                Page 8


   399                        	.member	offsetX,32,5,8,16
   400                        	.member	offsetY,48,5,8,16
   401                        	.member	isShifted,64,14,8,8
   402                        	.member	cursorState,72,14,8,8
   403                        	.member	fontSet,80,142,8,32
   404                        	.member	data,112,129,8,32
   405                        	.eos
   406                        	.stag	_fx_menuAnchor_t,272,40
   407                        	.member	pCaption,0,142,8,32
   408                        	.member	renderLayoutX,32,16,8,16
   409                        	.member	renderLayoutY,48,16,8,16
   410                        	.member	captionPixelWidth,64,16,8,16
   411                        	.member	data,80,129,8,32
   412                        	.member	droppedWindow,112,138,8,32,29
   413                        	.member	bytes,144,110,8,0,16
   414                        	.eos
   415                        	.stag	_SubMenuStruct,64,41
   416                        	.member	caption,0,142,8,32
   417                        	.member	action,32,641,8,32
   418                        	.eos
   419                        	.stag	_SubMenuListStruct,40,42
   420                        	.member	cMenus,0,14,8,8
   421                        	.member	psubmenus,8,9354,8,32,41
   422                        	.eos
   423                        	.stag	_fx_ComBuffer,2080,43
   424                        	.member	cbSize,0,16,8,16
   425                        	.member	cbBuffer,16,16,8,16
   426                        	.member	buffer,32,110,8,0,256
   427                        	.eos
   428                        	.line	793
   429                        	.file	"G:\devprojects\c256Foenix\fxos\FXOSWork
                    space\FXOSv1\src\apgm.c",9
   430                        ;#include "fxuser.h"
   431                        	.file	"G:\devprojects\c256Foenix\fxos\FXOSWork
                    space\FXOSv1\src\fxuser.h",0
   432                        	.file	"G:\devprojects\c256Foenix\fxos\FXOSWork
                    space\FXOSv1\src\fxtypes.h",0
   433                        	.line	793
   434                        	.file	"G:\devprojects\c256Foenix\fxos\FXOSWork
                    space\FXOSv1\src\fxuser.h",11
   435                        	.line	61
   436                        	.file	"G:\devprojects\c256Foenix\fxos\FXOSWork
                    space\FXOSv1\src\apgm.c",10
   437                        ;#include "apgm.h"
   438                        	.file	"G:\devprojects\c256Foenix\fxos\FXOSWork
                    space\FXOSv1\src\apgm.h",0
   439                        	.line	21
   440                        	.file	"G:\devprojects\c256Foenix\fxos\FXOSWork
                    space\FXOSv1\src\apgm.c",11
   441                        ;
   442                        ;//START_FXMODULE
   443                        ;
   444                        ;static DLLMAIN pfnDllMain     = DllMain;
   445                        	data
   446                        ~~pfnDllMain:
   447 00:0000: xx xx xx xx  	dl	~~DllMain
   448 00:0004:              	ends
   449                        ;//static void *pfnDoSomething   = DoSomething;
  Fri Jun 11 2021 11:31                                                Page 9


   450                        ;static DEBUGOUT pfnDebugOut   = DebugOut;
   451                        	data
   452                        ~~pfnDebugOut:
   453 00:0004: xx xx xx xx  	dl	~~DebugOut
   454 00:0008:              	ends
   455                        ;
   456                        ;static LPSTR lpstrDllMainMessage = "APGM DllMain 
                    \r\n";
   457                        	data
   458                        ~~lpstrDllMainMessage:
   459 00:0008: xx xx xx xx  	dl	L1+0
   460 00:000C:              	ends
   461                        	data
   462                        L1:
   463 00:000C: 41 50 47 4D  	db	$41,$50,$47,$4D,$20,$44,$6C,$6C,$4D,$61,
                    $69,$6E,$20,$0D,$0A
       00:0010: 20 44 6C 6C 
       00:0014: 4D 61 69 6E 
       00:0018: 20 0D 0A 
   464 00:001B: 00           	db	$00
   465 00:001C:              	ends
   466                        ;
   467                        ;VOID DllMain(VOID)
   468                        ;{
   469                        	.line	21
   470                        	.line	22
   471                        	code
   472                        	xdef	~~DllMain
   473                        	func
   474                        	.function	22
   475                        ~~DllMain:
   476                        	longa	on
   477                        	longi	on
   478 00:0000: 3B           	tsc
   479 00:0001: 38           	sec
   480 00:0002: E9 00 00     	sbc	#L3
   481 00:0005: 1B           	tcs
   482 00:0006: 0B           	phd
   483 00:0007: 5B           	tcd
   484                        	.block	22
   485                        ;	DebugOut("Enter DllMain!\r\n");
   486                        	.line	23
   487 00:0008: F4 xx xx     	pea	#^L2
   488 00:000B: F4 xx xx     	pea	#<L2
   489 00:000E: 22 xx xx xx  	jsl	~~DebugOut
   490                        ;	DoSomething(0);
   491                        	.line	24
   492 00:0012: F4 00 00     	pea	#<$0
   493 00:0015: 22 xx xx xx  	jsl	~~DoSomething
   494                        ;	DebugOut("Exit DllMain!\r\n");
   495                        	.line	25
   496 00:0019: F4 xx xx     	pea	#^L2+17
   497 00:001C: F4 xx xx     	pea	#<L2+17
   498 00:001F: 22 xx xx xx  	jsl	~~DebugOut
   499                        ;}
   500                        	.line	26
   501                        L6:
   502 00:0023: 2B           	pld
  Fri Jun 11 2021 11:31                                                Page 10


   503 00:0024: 3B           	tsc
   504 00:0025: 18           	clc
   505 00:0026: 69 00 00     	adc	#L3
   506 00:0029: 1B           	tcs
   507 00:002A: 6B           	rtl
   508                        	.endblock	26
   509             00000000   L3	equ	0
   510             00000001   L4	equ	1
   511                        	ends
   512                        	efunc
   513                        	.endfunc	26,1,0
   514                        	.line	26
   515                        	data
   516                        L2:
   517 00:001C: 45 6E 74 65  	db	$45,$6E,$74,$65,$72,$20,$44,$6C,$6C,$4D,
                    $61,$69,$6E,$21,$0D
       00:0020: 72 20 44 6C 
       00:0024: 6C 4D 61 69 
       00:0028: 6E 21 0D 
   518 00:002B: 0A 00 45 78  	db	$0A,$00,$45,$78,$69,$74,$20,$44,$6C,$6C,
                    $4D,$61,$69,$6E,$21
       00:002F: 69 74 20 44 
       00:0033: 6C 6C 4D 61 
       00:0037: 69 6E 21 
   519 00:003A: 0D 0A 00     	db	$0D,$0A,$00
   520 00:003D:              	ends
   521                        ;
   522                        ;UINT DoSomething(UINT argc)
   523                        ;{
   524                        	.line	28
   525                        	.line	29
   526                        	code
   527                        	xdef	~~DoSomething
   528                        	func
   529                        	.function	29
   530                        ~~DoSomething:
   531                        	longa	on
   532                        	longi	on
   533 00:002B: 3B           	tsc
   534 00:002C: 38           	sec
   535 00:002D: E9 00 00     	sbc	#L8
   536 00:0030: 1B           	tcs
   537 00:0031: 0B           	phd
   538 00:0032: 5B           	tcd
   539             00000004   argc_0	set	4
   540                        	.block	29
   541                        ;	DebugOut("Called DoSomething!\r\n");
   542                        	.sym	argc,4,16,6,16
   543                        	.line	30
   544 00:0033: F4 xx xx     	pea	#^L7
   545 00:0036: F4 xx xx     	pea	#<L7
   546 00:0039: 22 xx xx xx  	jsl	~~DebugOut
   547                        ;	return 0;
   548                        	.line	31
   549 00:003D: A9 00 00     	lda	#$0
   550                        L11:
   551 00:0040: A8           	tay
   552 00:0041: A5 02        	lda	<L8+2
  Fri Jun 11 2021 11:31                                                Page 11


   553 00:0043: 85 04        	sta	<L8+2+2
   554 00:0045: A5 01        	lda	<L8+1
   555 00:0047: 85 03        	sta	<L8+1+2
   556 00:0049: 2B           	pld
   557 00:004A: 3B           	tsc
   558 00:004B: 18           	clc
   559 00:004C: 69 02 00     	adc	#L8+2
   560 00:004F: 1B           	tcs
   561 00:0050: 98           	tya
   562 00:0051: 6B           	rtl
   563                        ;}
   564                        	.line	32
   565                        	.endblock	32
   566             00000000   L8	equ	0
   567             00000001   L9	equ	1
   568                        	ends
   569                        	efunc
   570                        	.endfunc	32,1,0
   571                        	.line	32
   572                        	data
   573                        L7:
   574 00:003D: 43 61 6C 6C  	db	$43,$61,$6C,$6C,$65,$64,$20,$44,$6F,$53,
                    $6F,$6D,$65,$74,$68
       00:0041: 65 64 20 44 
       00:0045: 6F 53 6F 6D 
       00:0049: 65 74 68 
   575 00:004C: 69 6E 67 21  	db	$69,$6E,$67,$21,$0D,$0A,$00
       00:0050: 0D 0A 00 
   576 00:0053:              	ends
   577                        ;
   578                        ;//END_FXMODULE
   579                        ;
   580                        ;
   581                        	.line	35
   582                        	.file	"G:\devprojects\c256Foenix\fxos\FXOSWork
                    space\FXOSv1\src\apgm.c",28
   583                        	xref	~~DebugOut
   584                        	.sym	~~lpstrDllMainMessage,~~lpstrDllMainMess
                    age,142,3,32
   585                        	.sym	~~pfnDebugOut,~~pfnDebugOut,641,3,32
   586                        	.sym	~~pfnDllMain,~~pfnDllMain,641,3,32
   587                        	.sym	~~DoSomething,~~DoSomething,80,2,0
   588                        	.sym	~~DllMain,~~DllMain,65,2,0
   589                        	.sym	DOSOMETHING,0,656,14,32
   590                        	.sym	DLLMAIN,0,641,14,32
   591                        	.sym	RTCCENTURY,0,645,14,32
   592                        	.sym	RTCYEAR,0,645,14,32
   593                        	.sym	RTCDAY,0,645,14,32
   594                        	.sym	RTCMON,0,645,14,32
   595                        	.sym	RTCSEC,0,645,14,32
   596                        	.sym	RTCMIN,0,645,14,32
   597                        	.sym	RTCHOUR,0,645,14,32
   598                        	.sym	MEMDEALLOC,0,641,14,32
   599                        	.sym	MEMALLOC,0,8833,14,32
   600                        	.sym	DEBUGINTEGER,0,641,14,32
   601                        	.sym	~~DebugOut,~~DebugOut,65,18,0
   602                        	.sym	DEBUGOUT,0,641,14,32
   603                        	.sym	PFXCOMBUFFER,0,138,14,32,43
  Fri Jun 11 2021 11:31                                                Page 12


   604                        	.sym	FXCOMBUFFER,0,10,14,2080,43
   605                        	.sym	PSUBMENULIST,0,138,14,32,42
   606                        	.sym	SUBMENULIST,0,10,14,40,42
   607                        	.sym	HSUBMENU,0,7,14,32
   608                        	.sym	PSUBMENU,0,138,14,32,41
   609                        	.sym	SUBMENU,0,10,14,64,41
   610                        	.sym	MenuAction,0,641,14,32
   611                        	.sym	PMENUANCHOR,0,138,14,32,40
   612                        	.sym	MENUANCHOR,0,10,14,272,40
   613                        	.sym	PMSGBOX,0,138,14,32,39
   614                        	.sym	MSGBOX,0,10,14,144,39
   615                        	.sym	PTEXTBOX,0,138,14,32,38
   616                        	.sym	TEXTBOX,0,10,14,144,38
   617                        	.sym	PLISTBOX,0,138,14,32,37
   618                        	.sym	LISTBOX,0,10,14,240,37
   619                        	.sym	PSCROLLBAR,0,138,14,32,36
   620                        	.sym	SCROLLBAR,0,10,14,240,36
   621                        	.sym	PBUTTON,0,138,14,32,35
   622                        	.sym	BUTTON,0,10,14,96,35
   623                        	.sym	PMENUDROPDOWNDATA,0,138,14,32,34
   624                        	.sym	MENUDROPDOWNDATA,0,10,14,5152,34
   625                        	.sym	PMENUTAG,0,138,14,32,33
   626                        	.sym	MENUTAG,0,10,14,160,33
   627                        	.sym	PMENU,0,138,14,32,32
   628                        	.sym	MENU,0,10,14,280,32
   629                        	.sym	HMENURESOURCE,0,129,14,32
   630                        	.sym	FONTMETRIC,0,10,14,32,31
   631                        	.sym	TITLE,0,142,14,32
   632                        	.sym	PHANDLE,0,1153,14,32
   633                        	.sym	HANDLE,0,129,14,32
   634                        	.sym	PWINDOWEX,0,138,14,32,30
   635                        	.sym	WINDOWEX,0,10,14,3880,30
   636                        	.sym	PWINDOW,0,138,14,32,29
   637                        	.sym	WINDOW,0,10,14,3904,29
   638                        	.sym	PDRAGDATA,0,138,14,32,28
   639                        	.sym	DRAGDATA,0,10,14,216,28
   640                        	.sym	PNCCLICKABLE,0,138,14,32,27
   641                        	.sym	NCCLICKABLE,0,10,14,136,27
   642                        	.sym	HCLICKABLE,0,7,14,32
   643                        	.sym	PCLICKABLE,0,138,14,32,26
   644                        	.sym	CLICKABLE,0,10,14,152,26
   645                        	.sym	PWNDCLASS,0,138,14,32,25
   646                        	.sym	WNDCLASS,0,10,14,272,25
   647                        	.sym	HBRUSH,0,129,14,32
   648                        	.sym	HCURSOR,0,129,14,32
   649                        	.sym	HICON,0,129,14,32
   650                        	.sym	HINSTANCE,0,129,14,32
   651                        	.sym	FXWndProc,0,654,14,32
   652                        	.sym	PDRECT,0,138,14,32,24
   653                        	.sym	DRECT,0,10,14,112,24
   654                        	.sym	PRECTP,0,138,14,32,23
   655                        	.sym	RECTP,0,10,14,96,23
   656                        	.sym	PRECT,0,138,14,32,22
   657                        	.sym	RECT,0,10,14,112,22
   658                        	.sym	PPOINT,0,138,14,32,21
   659                        	.sym	POINT,0,10,14,32,21
   660                        	.sym	PFXPROPERTY,0,138,14,32,19
   661                        	.sym	FXPROPERTY,0,10,14,384,19
  Fri Jun 11 2021 11:31                                                Page 13


   662                        	.sym	SCANCODE,0,14,14,8
   663                        	.sym	KEYCODE,0,14,14,8
   664                        	.sym	PFXPROCESSMESSAGE,0,138,14,32,18
   665                        	.sym	FXPROCESSMESSAGE,0,10,14,112,18
   666                        	.sym	PFXPROCESS,0,138,14,32,17
   667                        	.sym	FXPROCESS,0,10,14,800,17
   668                        	.sym	PDESKTOP_CONTROL,0,138,14,32,16
   669                        	.sym	DESKTOP_CONTROL,0,10,14,392,16
   670                        	.sym	PCONSOLE_CONTROL,0,138,14,32,15
   671                        	.sym	CONSOLE_CONTROL,0,10,14,448,15
   672                        	.sym	FXProcessProc,0,641,14,32
   673                        	.sym	PFXCMDMESSAGE,0,138,14,32,14
   674                        	.sym	FXCMDMESSAGE,0,10,14,304,14
   675                        	.sym	PFXOSMESSAGE,0,138,14,32,13
   676                        	.sym	FXOSMESSAGE,0,10,14,304,13
   677                        	.sym	PINT_REGS,0,138,14,32,12
   678                        	.sym	INT_REGS,0,10,14,104,12
   679                        	.sym	TASK_STACK,0,10,14,32,11
   680                        	.sym	TASK,0,10,14,48,10
   681                        	.sym	PIRQDATA,0,138,14,32,9
   682                        	.sym	IRQDATA,0,10,14,48,9
   683                        	.sym	HMENU,0,129,14,32
   684                        	.sym	HWND,0,129,14,32
   685                        	.sym	MSGDATA,0,14,14,8
   686                        	.sym	MSGDEST,0,18,14,32
   687                        	.sym	MSGSRC,0,18,14,32
   688                        	.sym	MSGTYPE,0,16,14,16
   689                        	.sym	PROCESS_RESOURCE_LIST,0,138,14,32,3
   690                        	.sym	PROCESS_TLS_LIST,0,138,14,32,3
   691                        	.sym	SEMAPHORE_LIST,0,138,14,32,3
   692                        	.sym	FILE_BLOCK_LIST,0,138,14,32,3
   693                        	.sym	FILE_PATH_LIST,0,138,14,32,3
   694                        	.sym	PROCEDURE_LIST,0,138,14,32,3
   695                        	.sym	FILE_HANDLE,0,138,14,32,8
   696                        	.sym	FILE_BLOCK,0,10,14,552,8
   697                        	.sym	SEMAPHORE,0,10,14,16,7
   698                        	.sym	PPROCESS_SIGNAL,0,138,14,32,6
   699                        	.sym	PROCESS_SIGNAL,0,10,14,16,6
   700                        	.sym	KRESULT,0,18,14,32
   701                        	.sym	PKERNEL_ERROR,0,138,14,32,5
   702                        	.sym	KERNEL_ERROR,0,10,14,32,5
   703                        	.sym	PROCESS_STATUS,0,16,14,16
   704                        	.sym	FILE_PATH_NAME,0,142,14,32
   705                        	.sym	PROCESS_RESOURCE,0,129,14,32
   706                        	.sym	PROCESS_TLS,0,129,14,32
   707                        	.sym	PROCESS_CTX,0,129,14,32
   708                        	.sym	USERID,0,16,14,16
   709                        	.sym	PROCESS_ID,0,18,14,32
   710                        	.sym	PROCESS_BANK,0,14,14,8
   711                        	.sym	PFXQUEUE,0,138,14,32,4
   712                        	.sym	FXQUEUE,0,10,14,80,4
   713                        	.sym	PFXNODELIST,0,138,14,32,3
   714                        	.sym	FXNODELIST,0,10,14,96,3
   715                        	.sym	NodeListDeallocator,0,641,14,32
   716                        	.sym	PFXNODE,0,138,14,32,2
   717                        	.sym	FXNODE,0,10,14,384,2
   718                        	.sym	PBYTEBITS,0,138,14,32,1
   719                        	.sym	BYTEBITS,0,10,14,8,1
  Fri Jun 11 2021 11:31                                                Page 14


   720                        	.sym	HCOLOR,0,129,14,32
   721                        	.sym	HFONT,0,129,14,32
   722                        	.sym	HDC,0,129,14,32
   723                        	.sym	HPOINTER,0,129,14,32
   724                        	.sym	uint32_t,0,18,14,32
   725                        	.sym	uint8_t,0,14,14,8
   726                        	.sym	PFAR,0,142,14,32
   727                        	.sym	LPBOOL,0,142,14,32
   728                        	.sym	BOOL,0,14,14,8
   729                        	.sym	DWORD,0,18,14,32
   730                        	.sym	ULONG,0,18,14,32
   731                        	.sym	LPLONG,0,135,14,32
   732                        	.sym	LONG,0,7,14,32
   733                        	.sym	PUINT,0,144,14,32
   734                        	.sym	USHORT,0,16,14,16
   735                        	.sym	UINT,0,16,14,16
   736                        	.sym	INT,0,5,14,16
   737                        	.sym	WORD,0,5,14,16
   738                        	.sym	PBYTE,0,142,14,32
   739                        	.sym	BYTE,0,14,14,8
   740                        	.sym	UCHAR,0,14,14,8
   741                        	.sym	LPWCSTR,0,142,14,32
   742                        	.sym	LPCSTR,0,142,14,32
   743                        	.sym	LPSTR,0,142,14,32
   744                        	.sym	LPCHAR,0,142,14,32
   745                        	.sym	CHAR,0,14,14,8
   746                        	.sym	LPVOID,0,129,14,32
   747                        	.sym	VOID,0,1,14,32
   748                        	end


      Lines assembled: 748
      Errors: 0
