  Mon Aug  9 2021 16:52                                                Page 1


                     ***************************************
                     **      WDC 65C816 Macro Assembler   **
                     **                                   **
                     **     Version 3.49.1- Feb  6 2006    **
                     ***************************************

     1                        ;:ts=8
     2             00000001   R0	equ	1
     3             00000005   R1	equ	5
     4             00000009   R2	equ	9
     5             0000000D   R3	equ	13
     6                        	.file	"G:\devprojects\c256Foenix\fxos\FXOSWork
                    space\FXOS-Beta\src\fxheapfar.c",0
     7                        ;
     8                        ;/*
     9                        ; *
    10                        ; *  Marker Segment to protect the FAR heap
    11                        ; *
    12                        ; */
    13                        ;#pragma section DATA=farbank0,offset $10:0000,ref
                    _only
    14                        farbank0	section	offset $10:0000,ref_only
    15 10:0000:              	ends
    16                        ;static char HEAPFAR_10[1] = {0};
    17                        	farbank0
    18                        ~~HEAPFAR_10:
    19 10:0000:              	db	$0
    20 10:0001:              	ends
    21                        ;
    22                        ;
    23                        ;#pragma section DATA=farbank1,offset $11:0000,ref
                    _only
    24                        farbank1	section	offset $11:0000,ref_only
    25 11:0000:              	ends
    26                        ;static char HEAPFAR_11[1] = {0};
    27                        	farbank1
    28                        ~~HEAPFAR_11:
    29 11:0000:              	db	$0
    30 11:0001:              	ends
    31                        ;
    32                        ;
    33                        ;#pragma section DATA=farbank2,offset $12:0000,ref
                    _only
    34                        farbank2	section	offset $12:0000,ref_only
    35 12:0000:              	ends
    36                        ;static char HEAPFAR_12[1] = {0};
    37                        	farbank2
    38                        ~~HEAPFAR_12:
    39 12:0000:              	db	$0
    40 12:0001:              	ends
    41                        ;
    42                        ;
    43                        ;#pragma section DATA=farbank3,offset $13:0000,ref
                    _only
    44                        farbank3	section	offset $13:0000,ref_only
    45 13:0000:              	ends
    46                        ;static char HEAPFAR_13[1] = {0};
    47                        	farbank3
  Mon Aug  9 2021 16:52                                                Page 2


    48                        ~~HEAPFAR_13:
    49 13:0000:              	db	$0
    50 13:0001:              	ends
    51                        ;
    52                        ;
    53                        ;#pragma section DATA=farbank4,offset $14:0000,ref
                    _only
    54                        farbank4	section	offset $14:0000,ref_only
    55 14:0000:              	ends
    56                        ;static char HEAPFAR_14[1] = {0};
    57                        	farbank4
    58                        ~~HEAPFAR_14:
    59 14:0000:              	db	$0
    60 14:0001:              	ends
    61                        ;
    62                        	.line	24
    63                        	.file	"G:\devprojects\c256Foenix\fxos\FXOSWork
                    space\FXOS-Beta\src\fxheapfar.c",0
    64                        	.sym	~~HEAPFAR_14,~~HEAPFAR_14,110,3,0,1
    65                        	.sym	~~HEAPFAR_13,~~HEAPFAR_13,110,3,0,1
    66                        	.sym	~~HEAPFAR_12,~~HEAPFAR_12,110,3,0,1
    67                        	.sym	~~HEAPFAR_11,~~HEAPFAR_11,110,3,0,1
    68                        	.sym	~~HEAPFAR_10,~~HEAPFAR_10,110,3,0,1
    69                        	end


      Lines assembled: 69
      Errors: 0
