  Mon Sep 27 2021  9:39                                                Page 1


                     ***************************************
                     **      WDC 65C816 Macro Assembler   **
                     **                                   **
                     **     Version 1.00- Aug 10 2021    **
                     ***************************************

     1                        ;:ts=8
     2             00000001   R0	equ	1
     3             00000005   R1	equ	5
     4             00000009   R2	equ	9
     5             0000000D   R3	equ	13
     6                        	.file	"G:\devprojects\c256Foenix\fxos\FXOSWork
                    space\FXOS-Beta\src\fxheapnear.c",0
     7                        ;
     8                        ;/*
     9                        ; *
    10                        ; *  Marker Segment to protect the FAR heap
    11                        ; *
    12                        ; */
    13                        ;#pragma section DATA=nearbank,offset $2:0000,ref_
                    only
    14                        nearbank	section	offset $2:0000,ref_only
    15 02:0000:              	ends
    16                        ;
    17                        ;static char HEAPNEAR_00[1] = {0};
    18                        	nearbank
    19                        ~~HEAPNEAR_00:
    20 02:0000:              	db	$0
    21 02:0001:              	ends
    22                        ;
    23                        ;
    24                        	.line	10
    25                        	.file	"G:\devprojects\c256Foenix\fxos\FXOSWork
                    space\FXOS-Beta\src\fxheapnear.c",0
    26                        	.sym	~~HEAPNEAR_00,~~HEAPNEAR_00,110,3,0,1
    27                        	end


      Lines assembled: 27
      Errors: 0
