  Mon Jun  7 2021  9:08                                                Page 1


                     ***************************************
                     **      WDC 65C816 Macro Assembler   **
                     **                                   **
                     **     Version 3.49.1- Feb  6 2006    **
                     ***************************************

     1                        ;:ts=8
     2             00000001   R0	equ	1
     3             00000005   R1	equ	5
     4             00000009   R2	equ	9
     5             0000000D   R3	equ	13
     6                        	.file	"G:\devprojects\c256Foenix\fxos\FXOSWork
                    space\FXOSv1\src\umm_integrity.c",0
     7                        ;#include "fxkernel.h"
     8                        	.file	"G:\devprojects\c256Foenix\fxos\FXOSWork
                    space\FXOSv1\src\fxkernel.h",0
     9                        	.file	"G:\devprojects\c256Foenix\fxos\FXOSWork
                    space\FXOSv1\src\fxos.h",0
    10                        	.file	"G:\devtools\WDCTools\wdc\Tools\include\
                    stdlib.h",0
    11                        	.file	"G:\devtools\WDCTools\wdc\Tools\include\
                    stddef.h",0
    12                        	.line	88
    13                        	.file	"G:\devtools\WDCTools\wdc\Tools\include\
                    stdlib.h",43
    14                        	.stag	fake1_,32,1
    15                        	.member	quot,0,5,8,16
    16                        	.member	rem,16,5,8,16
    17                        	.eos
    18                        	.stag	fake2_,64,2
    19                        	.member	quot,0,7,8,32
    20                        	.member	rem,32,7,8,32
    21                        	.eos
    22                        	.stag	int_sqrt,32,3
    23                        	.member	sqrt,0,16,8,16
    24                        	.member	frac,16,16,8,16
    25                        	.eos
    26                        	.line	205
    27                        	.file	"G:\devprojects\c256Foenix\fxos\FXOSWork
                    space\FXOSv1\src\fxos.h",4
    28                        	.file	"G:\devtools\WDCTools\wdc\Tools\include\
                    string.h",0
    29                        	.line	134
    30                        	.file	"G:\devprojects\c256Foenix\fxos\FXOSWork
                    space\FXOSv1\src\fxos.h",5
    31                        	.file	"G:\devtools\WDCTools\wdc\Tools\include\
                    ctype.h",0
    32                        	.line	103
    33                        	.file	"G:\devprojects\c256Foenix\fxos\FXOSWork
                    space\FXOSv1\src\fxos.h",6
    34                        	.file	"G:\devprojects\c256Foenix\fxos\FXOSWork
                    space\FXOSv1\src\fxtypes.h",0
    35                        	.stag	_fx_bytebits,8,4
    36                        	.member	b7,0,14,17,1
    37                        	.member	b6,1,14,17,1
    38                        	.member	b5,2,14,17,1
    39                        	.member	b4,3,14,17,1
    40                        	.member	b3,4,14,17,1
  Mon Jun  7 2021  9:08                                                Page 2


    41                        	.member	b2,5,14,17,1
    42                        	.member	b1,6,14,17,1
    43                        	.member	b0,7,14,17,1
    44                        	.eos
    45                        	.stag	_fx_node,384,5
    46                        	.member	type,0,14,8,8
    47                        	.member	Reserved0,8,14,8,8
    48                        	.member	data,16,129,8,32
    49                        	.member	last,48,138,8,32,5
    50                        	.member	next,80,138,8,32,5
    51                        	.member	name,112,110,8,0,32
    52                        	.member	Reserved1,368,16,8,16
    53                        	.eos
    54                        	.stag	_fx_nodelist,96,6
    55                        	.member	listhead,0,138,8,32,5
    56                        	.member	listData,32,129,8,32
    57                        	.member	deallocator,64,641,8,32
    58                        	.eos
    59                        	.stag	_fx_queue,80,7
    60                        	.member	count,0,5,8,16
    61                        	.member	front,16,138,8,32,5
    62                        	.member	rear,48,138,8,32,5
    63                        	.eos
    64                        	.stag	fake8_,32,8
    65                        	.member	subsystem,0,14,8,8
    66                        	.member	level,8,14,8,8
    67                        	.member	error,16,16,8,16
    68                        	.eos
    69                        	.stag	_fx_process_signal,16,9
    70                        	.member	cbSize,0,16,8,16
    71                        	.eos
    72                        	.stag	_fx_semaphore,16,10
    73                        	.member	reserved,0,5,8,16
    74                        	.eos
    75                        	.stag	_fx_fileBlock,552,11
    76                        	.member	openCount,0,16,8,16
    77                        	.member	lockCount,16,16,8,16
    78                        	.member	dirty,32,14,8,8
    79                        	.member	fileBuffer,40,110,8,0,64
    80                        	.eos
    81                        	.stag	_fx_irq_data,48,12
    82                        	.member	line,0,5,8,16
    83                        	.member	keycode,16,142,8,32
    84                        	.eos
    85                        	.stag	_task,48,13
    86                        	.member	SPL,0,14,8,8
    87                        	.member	SPH,8,14,8,8
    88                        	.member	pstack,16,142,8,32
    89                        	.eos
    90                        	.stag	_task_stack,32,14
    91                        	.member	SS,0,142,8,32
    92                        	.eos
    93                        	.stag	int_regs,104,15
    94                        	.member	PB,0,14,8,8
    95                        	.member	PH,8,14,8,8
    96                        	.member	PL,16,14,8,8
    97                        	.member	PP,24,14,8,8
    98                        	.member	DB,32,14,8,8
  Mon Jun  7 2021  9:08                                                Page 3


    99                        	.member	DH,40,14,8,8
   100                        	.member	DL,48,14,8,8
   101                        	.member	AH,56,14,8,8
   102                        	.member	AL,64,14,8,8
   103                        	.member	XH,72,14,8,8
   104                        	.member	XL,80,14,8,8
   105                        	.member	YH,88,14,8,8
   106                        	.member	YL,96,14,8,8
   107                        	.eos
   108                        	.stag	_fx_eventMessage,304,16
   109                        	.member	src,0,18,8,32
   110                        	.member	dest,32,18,8,32
   111                        	.member	type,64,16,8,16
   112                        	.member	hwnd,80,129,8,32
   113                        	.member	pheap,112,129,8,32
   114                        	.member	msgTime,144,18,8,32
   115                        	.member	data,176,110,8,0,16
   116                        	.eos
   117                        	.stag	_fx_cmdMessage,304,17
   118                        	.member	src,0,18,8,32
   119                        	.member	dest,32,18,8,32
   120                        	.member	type,64,16,8,16
   121                        	.member	hwnd,80,129,8,32
   122                        	.member	pheap,112,129,8,32
   123                        	.member	msgTime,144,18,8,32
   124                        	.member	cmdCId,176,16,8,16
   125                        	.member	cmdMId,192,16,8,16
   126                        	.member	parameter1,208,18,8,32
   127                        	.member	parameter2,240,18,8,32
   128                        	.member	parameter3,272,18,8,32
   129                        	.eos
   130                        	.stag	_fx_console_ctl,448,18
   131                        	.member	maxCols,0,5,8,16
   132                        	.member	maxRows,16,5,8,16
   133                        	.member	curX,32,5,8,16
   134                        	.member	curY,48,5,8,16
   135                        	.member	fgColor,64,5,8,16
   136                        	.member	bgColor,80,5,8,16
   137                        	.member	mode,96,14,8,8
   138                        	.member	kbBuffer,104,101,8,0,16
   139                        	.member	screenBuffer,360,142,8,32
   140                        	.member	desktopMode,392,14,8,8
   141                        	.member	lastMouseButton,400,5,8,16
   142                        	.member	lastMouseX,416,5,8,16
   143                        	.member	lastMouseY,432,5,8,16
   144                        	.eos
   145                        	.stag	_fx_desktop_ctl,392,19
   146                        	.member	desktopMode,0,14,8,8
   147                        	.member	cursorCtl,8,5,8,16
   148                        	.member	cursorState,24,5,8,16
   149                        	.member	backgroundColor,40,5,8,16
   150                        	.member	foregroundColor,56,5,8,16
   151                        	.member	menuMode,72,5,8,16
   152                        	.member	lastMouseButton,88,5,8,16
   153                        	.member	lastMouseX,104,5,8,16
   154                        	.member	lastMouseY,120,5,8,16
   155                        	.member	currentDiskName,136,142,8,32
   156                        	.member	diskNodes,168,129,8,32
  Mon Jun  7 2021  9:08                                                Page 4


   157                        	.member	titleNodes,200,129,8,32
   158                        	.member	menuNodes,232,129,8,32
   159                        	.member	iconNodes,264,129,8,32
   160                        	.member	windowNodes,296,129,8,32
   161                        	.member	fontNodes,328,129,8,32
   162                        	.member	wndProc,360,138,8,32,6
   163                        	.eos
   164                        	.stag	_fx_process,800,20
   165                        	.member	cbSize,0,5,8,16
   166                        	.member	procId,16,18,8,32
   167                        	.member	parentId,48,18,8,32
   168                        	.member	ctx,80,129,8,32
   169                        	.member	userId,112,16,8,16
   170                        	.member	status,128,16,8,16
   171                        	.member	foregroundActive,144,14,8,8
   172                        	.member	tls,152,1121,8,32,8
   173                        	.member	commandLine,408,142,8,32
   174                        	.member	semaphores,440,138,8,32,6
   175                        	.member	fileHandles,472,138,8,32,6
   176                        	.member	pathList,504,138,8,32,6
   177                        	.member	resources,536,138,8,32,6
   178                        	.member	timerAware,568,14,8,8
   179                        	.member	timerTicks,576,112,8,0,2
   180                        	.member	timerTickCount,608,112,8,0,2
   181                        	.member	kernelError,640,10,8,32,8
   182                        	.member	consoleCtl,672,138,8,32,18
   183                        	.member	desktopCtl,704,138,8,32,19
   184                        	.member	execProc,736,641,8,32
   185                        	.member	startupArgs,768,129,8,32
   186                        	.eos
   187                        	.stag	_fxProcessMessage,112,21
   188                        	.member	src,0,18,8,32
   189                        	.member	dest,32,18,8,32
   190                        	.member	type,64,16,8,16
   191                        	.member	processInfo,80,138,8,32,20
   192                        	.eos
   193                        	.stag	_fx_property,384,22
   194                        	.member	name,0,110,8,0,16
   195                        	.member	value,128,110,8,0,32
   196                        	.eos
   197                        	.utag	_24bitPointer,32,23
   198                        	.member	address,0,142,11,32
   199                        	.member	bytes,0,110,11,0,4
   200                        	.eos
   201                        	.stag	_PointStruct,32,24
   202                        	.member	x,0,5,8,16
   203                        	.member	y,16,5,8,16
   204                        	.eos
   205                        	.stag	_RectStruct,112,25
   206                        	.member	x,0,5,8,16
   207                        	.member	y,16,5,8,16
   208                        	.member	z,32,18,8,32
   209                        	.member	width,64,5,8,16
   210                        	.member	height,80,5,8,16
   211                        	.member	attr,96,5,8,16
   212                        	.eos
   213                        	.stag	fake26_,96,26
   214                        	.member	name,0,142,8,32
  Mon Jun  7 2021  9:08                                                Page 5


   215                        	.member	topLeft,32,10,8,32,24
   216                        	.member	bottomRight,64,10,8,32,24
   217                        	.eos
   218                        	.stag	fake27_,112,27
   219                        	.member	x,0,5,8,16
   220                        	.member	y,16,5,8,16
   221                        	.member	z,32,5,8,16
   222                        	.member	width,48,5,8,16
   223                        	.member	height,64,5,8,16
   224                        	.member	data,80,18,8,32
   225                        	.eos
   226                        	.stag	_k_WindowClass,272,28
   227                        	.member	cbSize,0,16,8,16
   228                        	.member	style,16,16,8,16
   229                        	.member	styleEx,32,16,8,16
   230                        	.member	pWndProc,48,654,8,32
   231                        	.member	hInstance,80,129,8,32
   232                        	.member	hIcon,112,129,8,32
   233                        	.member	hCursor,144,129,8,32
   234                        	.member	hbrBackground,176,129,8,32
   235                        	.member	lpszMenuName,208,142,8,32
   236                        	.member	lpszClassName,240,142,8,32
   237                        	.eos
   238                        	.stag	_ClickableRect,152,29
   239                        	.member	area,0,10,8,112,25
   240                        	.member	z,112,18,8,32
   241                        	.member	enabled,144,14,8,8
   242                        	.eos
   243                        	.stag	_NCClickableRect,136,30
   244                        	.member	area,0,10,8,112,25
   245                        	.member	msgType,112,16,8,16
   246                        	.member	enabled,128,14,8,8
   247                        	.eos
   248                        	.stag	_DragData,216,31
   249                        	.member	area,0,10,8,112,25
   250                        	.member	xoffset,112,5,8,16
   251                        	.member	yoffset,128,5,8,16
   252                        	.member	msgType,144,16,8,16
   253                        	.member	ncAction,160,16,8,16
   254                        	.member	isDrag,176,14,8,8
   255                        	.member	isResize,184,14,8,8
   256                        	.member	canDrag,192,14,8,8
   257                        	.member	canDrop,200,14,8,8
   258                        	.member	didDrag,208,14,8,8
   259                        	.eos
   260                        	.stag	_k_WindowStruct,3904,32
   261                        	.member	cbSize,0,16,8,16
   262                        	.member	style,16,18,8,32
   263                        	.member	styleEx,48,18,8,32
   264                        	.member	win_id,80,5,8,16
   265                        	.member	win_x,96,5,8,16
   266                        	.member	win_y,112,5,8,16
   267                        	.member	win_width,128,5,8,16
   268                        	.member	win_height,144,5,8,16
   269                        	.member	win_xoffset,160,5,8,16
   270                        	.member	win_yoffset,176,5,8,16
   271                        	.member	win_cxoffset,192,5,8,16
   272                        	.member	win_cyoffset,208,5,8,16
  Mon Jun  7 2021  9:08                                                Page 6


   273                        	.member	wndRect,224,10,8,112,25
   274                        	.member	clientRect,336,10,8,112,25
   275                        	.member	nonclientGadgets,448,106,8,0,30,16
   276                        	.member	clickable,2624,129,8,32
   277                        	.member	win_title,2656,110,8,0,32
   278                        	.member	Reserved0,2912,16,8,16
   279                        	.member	win_class,2928,110,8,0,16
   280                        	.member	win_class_name,3056,110,8,0,32
   281                        	.member	nBitmapLayer,3312,16,8,16
   282                        	.member	bgRegion,3328,129,8,32
   283                        	.member	procid,3360,18,8,32
   284                        	.member	pWndClass,3392,138,8,32,28
   285                        	.member	pParentWindow,3424,129,8,32
   286                        	.member	hMenu,3456,129,8,32
   287                        	.member	hPointer,3488,129,8,32
   288                        	.member	hBackground,3520,129,8,32
   289                        	.member	pChildWindows,3552,138,8,32,6
   290                        	.member	pChildHitList,3584,138,8,32,6
   291                        	.member	isVisible,3616,14,8,8
   292                        	.member	windowData,3624,129,8,32
   293                        	.member	clientData,3656,1121,8,32,6
   294                        	.member	isClosed,3848,14,8,8
   295                        	.member	isClosing,3856,14,8,8
   296                        	.member	isDesktop,3864,14,8,8
   297                        	.member	clickableNode,3872,138,8,32,5
   298                        	.eos
   299                        	.stag	_k_WindowStructEx,3880,33
   300                        	.member	cbSize,0,16,8,16
   301                        	.member	style,16,18,8,32
   302                        	.member	styleEx,48,18,8,32
   303                        	.member	win_id,80,5,8,16
   304                        	.member	win_x,96,5,8,16
   305                        	.member	win_y,112,5,8,16
   306                        	.member	win_width,128,5,8,16
   307                        	.member	win_height,144,5,8,16
   308                        	.member	win_xoffset,160,5,8,16
   309                        	.member	win_yoffset,176,5,8,16
   310                        	.member	win_cxoffset,192,5,8,16
   311                        	.member	win_cyoffset,208,5,8,16
   312                        	.member	wndRect,224,10,8,112,25
   313                        	.member	clientRect,336,10,8,112,25
   314                        	.member	nonclientGadgets,448,106,8,0,30,16
   315                        	.member	clickable,2624,129,8,32
   316                        	.member	win_title,2656,110,8,0,32
   317                        	.member	Reserved0,2912,16,8,16
   318                        	.member	win_class,2928,110,8,0,16
   319                        	.member	nBitmapLayer,3056,16,8,16
   320                        	.member	procid,3072,18,8,32
   321                        	.member	pWndClass,3104,138,8,32,28
   322                        	.member	pParentWindow,3136,129,8,32
   323                        	.member	hMenu,3168,129,8,32
   324                        	.member	hPointer,3200,129,8,32
   325                        	.member	hBackground,3232,129,8,32
   326                        	.member	pChildWindows,3264,138,8,32,6
   327                        	.member	pChildHitList,3296,138,8,32,6
   328                        	.member	isVisible,3328,14,8,8
   329                        	.member	windowData,3336,129,8,32
   330                        	.member	clientData,3368,1121,8,32,4
  Mon Jun  7 2021  9:08                                                Page 7


   331                        	.member	isClosed,3496,14,8,8
   332                        	.member	hWnd,3504,129,8,32
   333                        	.member	localRect,3536,10,8,112,25
   334                        	.member	globalRect,3648,10,8,112,25
   335                        	.member	clientOffsetRect,3760,10,8,112,25
   336                        	.member	isDesktop,3872,14,8,8
   337                        	.eos
   338                        	.stag	_FontMetric,32,34
   339                        	.member	width,0,5,8,16
   340                        	.member	height,16,5,8,16
   341                        	.eos
   342                        	.stag	_MenuStruct,280,35
   343                        	.member	cx,0,5,8,16
   344                        	.member	cy,16,5,8,16
   345                        	.member	width,32,5,8,16
   346                        	.member	height,48,5,8,16
   347                        	.member	fcolor,64,14,8,8
   348                        	.member	bcolor,72,14,8,8
   349                        	.member	chromeLeft,80,14,8,8
   350                        	.member	chromeRight1,88,14,8,8
   351                        	.member	chromeRight2,96,14,8,8
   352                        	.member	hFont,104,129,8,32
   353                        	.member	itemId,136,16,8,16
   354                        	.member	pCaption,152,142,8,32
   355                        	.member	subMenus,184,138,8,32,6
   356                        	.member	pBackground,216,129,8,32
   357                        	.member	hWndOwner,248,129,8,32
   358                        	.eos
   359                        	.stag	fake36_,160,36
   360                        	.member	menuId,0,16,8,16
   361                        	.member	caption,16,142,8,32
   362                        	.member	rect,48,10,8,112,25
   363                        	.eos
   364                        	.stag	fake37_,5152,37
   365                        	.member	pParent,0,138,8,32,32
   366                        	.member	rect,32,10,8,112,25
   367                        	.member	captions,144,1134,8,32,24
   368                        	.member	chrome,912,110,8,0,24
   369                        	.member	ids,1104,112,8,0,24
   370                        	.member	clickable,1488,106,8,0,29,24
   371                        	.member	selected,5136,16,8,16
   372                        	.eos
   373                        	.stag	_fx_button_t,96,38
   374                        	.member	pCaption,0,142,8,32
   375                        	.member	cCaption,32,16,8,16
   376                        	.member	data,48,129,8,32
   377                        	.member	captionPixelWidth,80,16,8,16
   378                        	.eos
   379                        	.stag	_fx_scrollbar_t,240,39
   380                        	.member	min,0,16,8,16
   381                        	.member	max,16,16,8,16
   382                        	.member	increment,32,16,8,16
   383                        	.member	stopsize,48,16,8,16
   384                        	.member	location,64,5,8,16
   385                        	.member	state,80,5,8,16
   386                        	.member	rectThumb,96,10,8,112,25
   387                        	.member	data,208,129,8,32
   388                        	.eos
  Mon Jun  7 2021  9:08                                                Page 8


   389                        	.stag	_fx_listbox_t,240,40
   390                        	.member	pos,0,5,8,16
   391                        	.member	selected,16,16,8,16
   392                        	.member	offsetX,32,5,8,16
   393                        	.member	offsetY,48,5,8,16
   394                        	.member	inc,64,5,8,16
   395                        	.member	direction,80,5,8,16
   396                        	.member	top,96,5,8,16
   397                        	.member	bottom,112,5,8,16
   398                        	.member	indexTop,128,5,8,16
   399                        	.member	indexBottom,144,5,8,16
   400                        	.member	maxItems,160,16,8,16
   401                        	.member	fontSet,176,142,8,32
   402                        	.member	data,208,129,8,32
   403                        	.eos
   404                        	.stag	_fx_textbox_t,144,41
   405                        	.member	pos,0,5,8,16
   406                        	.member	selected,16,16,8,16
   407                        	.member	offsetX,32,5,8,16
   408                        	.member	offsetY,48,5,8,16
   409                        	.member	isShifted,64,14,8,8
   410                        	.member	cursorState,72,14,8,8
   411                        	.member	fontSet,80,142,8,32
   412                        	.member	data,112,129,8,32
   413                        	.eos
   414                        	.stag	_fx_msgbox_t,144,42
   415                        	.member	pos,0,5,8,16
   416                        	.member	selected,16,16,8,16
   417                        	.member	offsetX,32,5,8,16
   418                        	.member	offsetY,48,5,8,16
   419                        	.member	isShifted,64,14,8,8
   420                        	.member	cursorState,72,14,8,8
   421                        	.member	fontSet,80,142,8,32
   422                        	.member	data,112,129,8,32
   423                        	.eos
   424                        	.stag	_fx_menuAnchor_t,144,43
   425                        	.member	pCaption,0,142,8,32
   426                        	.member	renderLayoutX,32,16,8,16
   427                        	.member	renderLayoutY,48,16,8,16
   428                        	.member	captionPixelWidth,64,16,8,16
   429                        	.member	data,80,129,8,32
   430                        	.member	droppedWindow,112,138,8,32,32
   431                        	.eos
   432                        	.stag	_SubMenuStruct,64,44
   433                        	.member	caption,0,142,8,32
   434                        	.member	action,32,641,8,32
   435                        	.eos
   436                        	.stag	_SubMenuListStruct,40,45
   437                        	.member	cMenus,0,14,8,8
   438                        	.member	psubmenus,8,9354,8,32,44
   439                        	.eos
   440                        	.stag	_fx_ComBuffer,2080,46
   441                        	.member	cbSize,0,16,8,16
   442                        	.member	cbBuffer,16,16,8,16
   443                        	.member	buffer,32,110,8,0,256
   444                        	.eos
   445                        	.line	792
   446                        	.file	"G:\devprojects\c256Foenix\fxos\FXOSWork
  Mon Jun  7 2021  9:08                                                Page 9


                    space\FXOSv1\src\fxos.h",8
   447                        	.file	"G:\devprojects\c256Foenix\fxos\FXOSWork
                    space\FXOSv1\src\fxstringtable.h",0
   448                        	.line	89
   449                        	.file	"G:\devprojects\c256Foenix\fxos\FXOSWork
                    space\FXOSv1\src\fxos.h",9
   450                        	.file	"G:\devprojects\c256Foenix\fxos\FXOSWork
                    space\FXOSv1\src\fxc256fmx.h",0
   451                        	.file	"G:\devprojects\c256Foenix\fxos\FXOSWork
                    space\FXOSv1\src\fxtypes.h",0
   452                        	.line	792
   453                        	.file	"G:\devprojects\c256Foenix\fxos\FXOSWork
                    space\FXOSv1\src\fxc256fmx.h",5
   454                        	.file	"G:\devprojects\c256Foenix\fxos\FXOSWork
                    space\FXOSv1\src\fmx_vicky.h",0
   455                        	.file	"G:\devprojects\c256Foenix\fxos\FXOSWork
                    space\FXOSv1\src\fxtypes.h",0
   456                        	.line	792
   457                        	.file	"G:\devprojects\c256Foenix\fxos\FXOSWork
                    space\FXOSv1\src\fmx_vicky.h",11
   458                        	.line	72
   459                        	.file	"G:\devprojects\c256Foenix\fxos\FXOSWork
                    space\FXOSv1\src\fxc256fmx.h",6
   460                        	.line	1340
   461                        	.file	"G:\devprojects\c256Foenix\fxos\FXOSWork
                    space\FXOSv1\src\fxos.h",13
   462                        	.file	"G:\devprojects\c256Foenix\fxos\FXOSWork
                    space\FXOSv1\src\fxkernel.h",0
   463                        	.line	310
   464                        	.file	"G:\devprojects\c256Foenix\fxos\FXOSWork
                    space\FXOSv1\src\fxos.h",22
   465                        	.file	"G:\devprojects\c256Foenix\fxos\FXOSWork
                    space\FXOSv1\src\fxconsole.h",0
   466                        	.file	"G:\devtools\WDCTools\wdc\Tools\include\
                    string.h",0
   467                        	.line	134
   468                        	.file	"G:\devprojects\c256Foenix\fxos\FXOSWork
                    space\FXOSv1\src\fxconsole.h",5
   469                        	.file	"G:\devtools\WDCTools\wdc\Tools\include\
                    stdlib.h",0
   470                        	.line	205
   471                        	.file	"G:\devprojects\c256Foenix\fxos\FXOSWork
                    space\FXOSv1\src\fxconsole.h",6
   472                        	.file	"G:\devprojects\c256Foenix\fxos\FXOSWork
                    space\FXOSv1\src\fxtypes.h",0
   473                        	.line	792
   474                        	.file	"G:\devprojects\c256Foenix\fxos\FXOSWork
                    space\FXOSv1\src\fxconsole.h",7
   475                        	.file	"G:\devprojects\c256Foenix\fxos\FXOSWork
                    space\FXOSv1\src\fxc256fmx.h",0
   476                        	.line	1340
   477                        	.file	"G:\devprojects\c256Foenix\fxos\FXOSWork
                    space\FXOSv1\src\fxconsole.h",10
   478                        	.file	"G:\devprojects\c256Foenix\fxos\FXOSWork
                    space\FXOSv1\src\fxstring.h",0
   479                        	.file	"G:\devtools\WDCTools\wdc\Tools\include\
                    stdlib.h",0
   480                        	.line	205
  Mon Jun  7 2021  9:08                                                Page 10


   481                        	.file	"G:\devprojects\c256Foenix\fxos\FXOSWork
                    space\FXOSv1\src\fxstring.h",5
   482                        	.file	"G:\devtools\WDCTools\wdc\Tools\include\
                    string.h",0
   483                        	.line	134
   484                        	.file	"G:\devprojects\c256Foenix\fxos\FXOSWork
                    space\FXOSv1\src\fxstring.h",6
   485                        	.file	"G:\devprojects\c256Foenix\fxos\FXOSWork
                    space\FXOSv1\src\fxtypes.h",0
   486                        	.line	792
   487                        	.file	"G:\devprojects\c256Foenix\fxos\FXOSWork
                    space\FXOSv1\src\fxstring.h",7
   488                        	.stag	_fx_string,64,47
   489                        	.member	size,0,16,8,16
   490                        	.member	pos,16,5,8,16
   491                        	.member	buffer,32,142,8,32
   492                        	.eos
   493                        	.line	74
   494                        	.file	"G:\devprojects\c256Foenix\fxos\FXOSWork
                    space\FXOSv1\src\fxconsole.h",17
   495                        	.file	"G:\devprojects\c256Foenix\fxos\FXOSWork
                    space\FXOSv1\src\fxeventmanager.h",0
   496                        	.file	"G:\devprojects\c256Foenix\fxos\FXOSWork
                    space\FXOSv1\src\fxos.h",0
   497                        	.line	29
   498                        	.file	"G:\devprojects\c256Foenix\fxos\FXOSWork
                    space\FXOSv1\src\fxeventmanager.h",5
   499                        	.file	"G:\devprojects\c256Foenix\fxos\FXOSWork
                    space\FXOSv1\src\fxexec.h",0
   500                        	.file	"G:\devprojects\c256Foenix\fxos\FXOSWork
                    space\FXOSv1\src\fxtypes.h",0
   501                        	.line	792
   502                        	.file	"G:\devprojects\c256Foenix\fxos\FXOSWork
                    space\FXOSv1\src\fxexec.h",5
   503                        	.line	55
   504                        	.file	"G:\devprojects\c256Foenix\fxos\FXOSWork
                    space\FXOSv1\src\fxeventmanager.h",6
   505                        	.file	"G:\devprojects\c256Foenix\fxos\FXOSWork
                    space\FXOSv1\src\fxnode.h",0
   506                        	.file	"G:\devprojects\c256Foenix\fxos\FXOSWork
                    space\FXOSv1\src\fxtypes.h",0
   507                        	.line	792
   508                        	.file	"G:\devprojects\c256Foenix\fxos\FXOSWork
                    space\FXOSv1\src\fxnode.h",11
   509                        	.line	74
   510                        	.file	"G:\devprojects\c256Foenix\fxos\FXOSWork
                    space\FXOSv1\src\fxeventmanager.h",7
   511                        	.file	"G:\devprojects\c256Foenix\fxos\FXOSWork
                    space\FXOSv1\src\fxconsole.h",0
   512                        	.line	180
   513                        	.file	"G:\devprojects\c256Foenix\fxos\FXOSWork
                    space\FXOSv1\src\fxeventmanager.h",8
   514                        	.file	"G:\devprojects\c256Foenix\fxos\FXOSWork
                    space\FXOSv1\src\fxwindowmanager.h",0
   515                        	.file	"G:\devprojects\c256Foenix\fxos\FXOSWork
                    space\FXOSv1\src\fxos.h",0
   516                        	.line	29
   517                        	.file	"G:\devprojects\c256Foenix\fxos\FXOSWork
  Mon Jun  7 2021  9:08                                                Page 11


                    space\FXOSv1\src\fxwindowmanager.h",5
   518                        	.file	"G:\devprojects\c256Foenix\fxos\FXOSWork
                    space\FXOSv1\src\fxmemorymanager.h",0
   519                        	.file	"G:\devprojects\c256Foenix\fxos\FXOSWork
                    space\FXOSv1\src\fxos.h",0
   520                        	.line	29
   521                        	.file	"G:\devprojects\c256Foenix\fxos\FXOSWork
                    space\FXOSv1\src\fxmemorymanager.h",5
   522                        	.file	"G:\devprojects\c256Foenix\fxos\FXOSWork
                    space\FXOSv1\src\umm_malloc_cfg.h",0
   523                        	.file	"G:\devprojects\c256Foenix\fxos\FXOSWork
                    space\FXOSv1\src\fxos_build_parameters.h",0
   524                        	.line	32
   525                        	.file	"G:\devprojects\c256Foenix\fxos\FXOSWork
                    space\FXOSv1\src\umm_malloc_cfg.h",8
   526                        	.stag	UMM_HEAP_INFO_t,256,48
   527                        	.member	totalEntries,0,18,8,32
   528                        	.member	usedEntries,32,18,8,32
   529                        	.member	freeEntries,64,18,8,32
   530                        	.member	totalBlocks,96,18,8,32
   531                        	.member	usedBlocks,128,18,8,32
   532                        	.member	freeBlocks,160,18,8,32
   533                        	.member	maxFreeContiguousBlocks,192,18,8,32
   534                        	.member	blockSize,224,18,8,32
   535                        	.eos
   536                        	.line	199
   537                        	.file	"G:\devprojects\c256Foenix\fxos\FXOSWork
                    space\FXOSv1\src\fxmemorymanager.h",6
   538                        	.file	"G:\devprojects\c256Foenix\fxos\FXOSWork
                    space\FXOSv1\src\umm_malloc.h",0
   539                        	.file	"G:\devprojects\c256Foenix\fxos\FXOSWork
                    space\FXOSv1\src\fxtypes.h",0
   540                        	.line	792
   541                        	.file	"G:\devprojects\c256Foenix\fxos\FXOSWork
                    space\FXOSv1\src\umm_malloc.h",11
   542                        	.line	24
   543                        	.file	"G:\devprojects\c256Foenix\fxos\FXOSWork
                    space\FXOSv1\src\fxmemorymanager.h",7
   544                        	.stag	_fx_memory_map,2072,49
   545                        	.member	availableMemory,0,18,8,32
   546                        	.member	valid_segments,32,110,8,0,255
   547                        	.eos
   548                        	.line	39
   549                        	.file	"G:\devprojects\c256Foenix\fxos\FXOSWork
                    space\FXOSv1\src\fxwindowmanager.h",6
   550                        	.file	"G:\devprojects\c256Foenix\fxos\FXOSWork
                    space\FXOSv1\src\fxeventmanager.h",0
   551                        	.line	776
   552                        	.file	"G:\devprojects\c256Foenix\fxos\FXOSWork
                    space\FXOSv1\src\fxwindowmanager.h",7
   553                        	.file	"G:\devprojects\c256Foenix\fxos\FXOSWork
                    space\FXOSv1\src\fxgui.h",0
   554                        	.file	"G:\devprojects\c256Foenix\fxos\FXOSWork
                    space\FXOSv1\src\fxfont.h",0
   555                        	.file	"G:\devprojects\c256Foenix\fxos\FXOSWork
                    space\FXOSv1\src\fxtypes.h",0
   556                        	.line	792
   557                        	.file	"G:\devprojects\c256Foenix\fxos\FXOSWork
  Mon Jun  7 2021  9:08                                                Page 12


                    space\FXOSv1\src\fxfont.h",6
   558                        	.line	74
   559                        	.file	"G:\devprojects\c256Foenix\fxos\FXOSWork
                    space\FXOSv1\src\fxgui.h",5
   560                        	.stag	_click_detected,64,50
   561                        	.member	window,0,138,8,32,32
   562                        	.member	handler,32,641,8,32
   563                        	.eos
   564                        	.stag	_current_palette_map,400,51
   565                        	.member	CUR_DESKTOP,0,5,8,16
   566                        	.member	CUR_BACKGROUND,16,5,8,16
   567                        	.member	CUR_FONT,32,5,8,16
   568                        	.member	CUR_SELECTED_FONT,48,5,8,16
   569                        	.member	CUR_HIGHLIGHT_COLOR,64,5,8,16
   570                        	.member	CUR_WINDOWFRAME,80,5,8,16
   571                        	.member	CUR_WINDOWBORDER,96,5,8,16
   572                        	.member	CUR_WINDOWSHADOW,112,5,8,16
   573                        	.member	CUR_MENU,128,5,8,16
   574                        	.member	CUR_GADGET,144,5,8,16
   575                        	.member	CUR_COLOR,160,101,8,0,15
   576                        	.eos
   577                        	.line	315
   578                        	.file	"G:\devprojects\c256Foenix\fxos\FXOSWork
                    space\FXOSv1\src\fxwindowmanager.h",8
   579                        	.stag	fake52_,64,52
   580                        	.member	type,0,16,8,16
   581                        	.member	size,16,16,8,16
   582                        	.member	desktopAction,32,129,8,32
   583                        	.eos
   584                        	.stag	fake53_,96,53
   585                        	.member	type,0,16,8,16
   586                        	.member	caption,16,138,8,32,47
   587                        	.member	buttonType,48,16,8,16
   588                        	.member	x,64,5,8,16
   589                        	.member	y,80,5,8,16
   590                        	.eos
   591                        	.stag	_childMessage_t,64,54
   592                        	.member	msgType,0,16,8,16
   593                        	.member	msgData,16,129,8,32
   594                        	.member	dataSize,48,16,8,16
   595                        	.eos
   596                        	.line	477
   597                        	.file	"G:\devprojects\c256Foenix\fxos\FXOSWork
                    space\FXOSv1\src\fxeventmanager.h",9
   598                        	.stag	_fx_main_loopvars,16,55
   599                        	.member	dummy,0,5,8,16
   600                        	.eos
   601                        	.stag	_fxMouseMessageData,64,56
   602                        	.member	button1,0,14,8,8
   603                        	.member	button2,8,14,8,8
   604                        	.member	button3,16,14,8,8
   605                        	.member	button4,24,14,8,8
   606                        	.member	x,32,16,8,16
   607                        	.member	y,48,16,8,16
   608                        	.eos
   609                        	.stag	_fx_eventProcess,64,57
   610                        	.member	process,0,138,8,32,20
   611                        	.member	eventProc,32,641,8,32
  Mon Jun  7 2021  9:08                                                Page 13


   612                        	.eos
   613                        	.stag	_mouse_msg_state,184,58
   614                        	.member	lastEvent,0,18,8,32
   615                        	.member	buttonLeftDown,32,14,8,8
   616                        	.member	lastLeftDown,40,18,8,32
   617                        	.member	buttonRightDown,72,14,8,8
   618                        	.member	lastRightDown,80,18,8,32
   619                        	.member	buttonMiddleDown,112,14,8,8
   620                        	.member	lastMiddleDown,120,18,8,32
   621                        	.member	lastX,152,16,8,16
   622                        	.member	lastY,168,16,8,16
   623                        	.eos
   624                        	.line	776
   625                        	.file	"G:\devprojects\c256Foenix\fxos\FXOSWork
                    space\FXOSv1\src\fxconsole.h",18
   626                        	.stag	_fx_spinner_ctx,48,59
   627                        	.member	index,0,5,8,16
   628                        	.member	spinner,16,142,8,32
   629                        	.eos
   630                        	.stag	_fx_console_ctx,1144,60
   631                        	.member	lineBufferIndex,0,5,8,16
   632                        	.member	lineBuffer,16,110,8,0,128
   633                        	.member	isShifted,1040,14,8,8
   634                        	.member	userData,1048,129,8,32
   635                        	.member	screenBuffer,1080,129,8,32
   636                        	.member	Reserved1,1112,129,8,32
   637                        	.eos
   638                        	.stag	_token,64,61
   639                        	.member	type,0,5,8,16
   640                        	.member	depth,16,16,8,16
   641                        	.member	text,32,142,8,32
   642                        	.eos
   643                        	.stag	_command_args,64,62
   644                        	.member	proc,0,656,8,32
   645                        	.member	tokens,32,138,8,32,5
   646                        	.eos
   647                        	.line	180
   648                        	.file	"G:\devprojects\c256Foenix\fxos\FXOSWork
                    space\FXOSv1\src\fxos.h",23
   649                        	.file	"G:\devprojects\c256Foenix\fxos\FXOSWork
                    space\FXOSv1\src\fxstring.h",0
   650                        	.line	74
   651                        	.file	"G:\devprojects\c256Foenix\fxos\FXOSWork
                    space\FXOSv1\src\fxos.h",24
   652                        	.file	"G:\devprojects\c256Foenix\fxos\FXOSWork
                    space\FXOSv1\src\fxnode.h",0
   653                        	.line	74
   654                        	.file	"G:\devprojects\c256Foenix\fxos\FXOSWork
                    space\FXOSv1\src\fxos.h",25
   655                        	.line	29
   656                        	.file	"G:\devprojects\c256Foenix\fxos\FXOSWork
                    space\FXOSv1\src\fxkernel.h",5
   657                        	.file	"G:\devprojects\c256Foenix\fxos\FXOSWork
                    space\FXOSv1\src\fxnode.h",0
   658                        	.line	74
   659                        	.file	"G:\devprojects\c256Foenix\fxos\FXOSWork
                    space\FXOSv1\src\fxkernel.h",6
   660                        	.stag	_fx_api_call_table,4096,63
  Mon Jun  7 2021  9:08                                                Page 14


   661                        	.member	call_table,0,1121,8,32,128
   662                        	.eos
   663                        	.stag	_fx_zero_page,608,64
   664                        	.member	fxos_mouse_byte_0,0,14,8,8
   665                        	.member	fxos_mouse_byte_1,8,14,8,8
   666                        	.member	fxos_mouse_byte_2,16,14,8,8
   667                        	.member	fxos_mouse_byte_t,24,14,8,8
   668                        	.member	fxos_mouse_byte_x_l,32,14,8,8
   669                        	.member	fxos_mouse_byte_x_h,40,14,8,8
   670                        	.member	fxos_mouse_byte_y_l,48,14,8,8
   671                        	.member	fxos_mouse_byte_y_h,56,14,8,8
   672                        	.member	fxos_key_byte_0,64,14,8,8
   673                        	.member	fxos_key_byte_1,72,14,8,8
   674                        	.member	fxos_key_byte_2,80,14,8,8
   675                        	.member	fxos_mouse_ctl,88,14,8,8
   676                        	.member	fxos_mouse_index,96,14,8,8
   677                        	.member	fxos_mouse_status,104,14,8,8
   678                        	.member	VersionMajor,112,16,8,16
   679                        	.member	VersionMinor,128,16,8,16
   680                        	.member	VersionRelease,144,16,8,16
   681                        	.member	topMemory,160,18,8,32
   682                        	.member	bottomMemory,192,18,8,32
   683                        	.member	availableMemory,224,18,8,32
   684                        	.member	availableMemoryK,256,18,8,32
   685                        	.member	availableHeapMemory,288,18,8,32
   686                        	.member	availableHeapMemoryK,320,18,8,32
   687                        	.member	fxos_console_row,352,16,8,16
   688                        	.member	fxos_console_col,368,16,8,16
   689                        	.member	reserved_1,384,16,8,16
   690                        	.member	reserved_2,400,16,8,16
   691                        	.member	fxos_kernel_api,416,138,8,32,63
   692                        	.member	fxos_dos_api,448,138,8,32,63
   693                        	.member	fxos_gui_api,480,138,8,32,63
   694                        	.member	fxos_reserved_1_api,512,138,8,32,63
   695                        	.member	fxos_reserved_2_api,544,138,8,32,63
   696                        	.member	fxos_reserved_3_api,576,138,8,32,63
   697                        	.eos
   698                        	.stag	_fx_environment,96,65
   699                        	.member	variables,0,142,8,32
   700                        	.member	reserved1,32,5,8,16
   701                        	.member	reserved2,48,5,8,16
   702                        	.member	reserved3,64,5,8,16
   703                        	.member	reserved4,80,5,8,16
   704                        	.eos
   705                        	.stag	_debug_byte_bits,8,66
   706                        	.member	bit7,0,14,17,1
   707                        	.member	bit6,1,14,17,1
   708                        	.member	bit5,2,14,17,1
   709                        	.member	bit4,3,14,17,1
   710                        	.member	bit3,4,14,17,1
   711                        	.member	bit2,5,14,17,1
   712                        	.member	bit1,6,14,17,1
   713                        	.member	bit0,7,14,17,1
   714                        	.eos
   715                        	.stag	_fx_device_driver,1416,67
   716                        	.member	name,0,110,8,0,64
   717                        	.member	version,512,110,8,0,64
   718                        	.member	hmajor,1024,110,8,0,16
  Mon Jun  7 2021  9:08                                                Page 15


   719                        	.member	hminor,1152,110,8,0,16
   720                        	.member	type,1280,14,8,8
   721                        	.member	f_driver_load,1288,129,8,32
   722                        	.member	f_driver_read,1320,129,8,32
   723                        	.member	f_driver_write,1352,129,8,32
   724                        	.member	f_driver_unload,1384,129,8,32
   725                        	.eos
   726                        	.stag	_fx_block_device_driver,1448,68
   727                        	.member	name,0,110,8,0,64
   728                        	.member	version,512,110,8,0,64
   729                        	.member	hmajor,1024,110,8,0,16
   730                        	.member	hminor,1152,110,8,0,16
   731                        	.member	type,1280,14,8,8
   732                        	.member	f_driver_load,1288,129,8,32
   733                        	.member	f_driver_read,1320,129,8,32
   734                        	.member	f_driver_write,1352,129,8,32
   735                        	.member	f_driver_unload,1384,129,8,32
   736                        	.member	f_driver_command,1416,129,8,32
   737                        	.eos
   738                        	.line	310
   739                        	.file	"G:\devprojects\c256Foenix\fxos\FXOSWork
                    space\FXOSv1\src\umm_integrity.c",1
   740                        ;
   741                        ;/* integrity check (UMM_INTEGRITY_CHECK) {{{ */
   742                        ;#if defined(UMM_INTEGRITY_CHECK)
   743                        ;/*
   744                        ; * Perform integrity check of the whole heap data
                    . Returns 1 in case of
   745                        ; * success, 0 otherwise.
   746                        ; *
   747                        ; * First of all, iterate through all free blocks,
                     and check that all backlinks
   748                        ; * match (i.e. if block X has next free block Y, 
                    then the block Y should have
   749                        ; * previous free block set to X).
   750                        ; *
   751                        ; * Additionally, we check that each free block is
                     correctly marked with
   752                        ; * `UMM_FREELIST_MASK` on the `next` pointer: dur
                    ing iteration through free
   753                        ; * list, we mark each free block by the same flag
                     `UMM_FREELIST_MASK`, but
   754                        ; * on `prev` pointer. We'll check and unmark it l
                    ater.
   755                        ; *
   756                        ; * Then, we iterate through all blocks in the hea
                    p, and similarly check that
   757                        ; * all backlinks match (i.e. if block X has next 
                    block Y, then the block Y
   758                        ; * should have previous block set to X).
   759                        ; *
   760                        ; * But before checking each backlink, we check th
                    at the `next` and `prev`
   761                        ; * pointers are both marked with `UMM_FREELIST_MA
                    SK`, or both unmarked.
   762                        ; * This way, we ensure that the free flag is in s
                    ync with the free pointers
   763                        ; * chain.
  Mon Jun  7 2021  9:08                                                Page 16


   764                        ; */
   765                        ;int umm_integrity_check(void)
   766                        ;{
   767                        	.line	27
   768                        	.line	28
   769                        	code
   770                        	xdef	~~umm_integrity_check
   771                        	func
   772                        	.function	28
   773                        ~~umm_integrity_check:
   774                        	longa	on
   775                        	longi	on
   776 00:0000: 3B           	tsc
   777 00:0001: 38           	sec
778: ***ERROR - Undefined symbol - <L2>

   778 00:0002: E9 xx xx     	sbc	#L2
   779 00:0005: 1B           	tcs
   780 00:0006: 0B           	phd
   781 00:0007: 5B           	tcd
   782                        	.block	28
   783                        ;	int ok = 1;
   784                        ;	unsigned long prev;
   785                        ;	unsigned long cur;
   786                        ;
   787                        ;	//k_debug_pointer("umm_integrity_check scanning:
                    ",umm_heap);
   788                        ;
   789                        ;	if (umm_heap == NULL)
   790             00000000   ok_1	set	0
   791             00000002   prev_1	set	2
   792             00000006   cur_1	set	6
   793                        	.sym	ok,0,5,1,16
   794                        	.sym	prev,2,18,1,32
   795                        	.sym	cur,6,18,1,32
   796 00:0008: A9 01 00     	lda	#$1
797: ***ERROR - Undefined symbol - <L3>

   797 00:000B: 85 xx        	sta	<L3+ok_1
   798                        	.line	35
   799                        ;	{
   800                        	.line	36
   801                        ;		umm_init();
   802                        	.line	37
   803                        ;	}
   804                        	.line	38
   805                        ;
   806                        ;	/* Iterate through all free blocks */
   807                        ;	prev = 0;
   808                        L10001:
   809                        	.line	41
   810                        ;	while(1)
   811                        	.line	42
   812                        L10002:
   813                        ;	{
   814                        	.line	43
  Mon Jun  7 2021  9:08                                                Page 17


   815                        ;		cur = UMM_NFREE(prev);
   816                        	.line	44
   817                        ;
   818                        ;		/* Check that next free block number is 
                    valid */
   819                        ;		if (cur >= UMM_NUMBLOCKS)
   820                        	.line	47
   821                        ;		{
   822                        	.line	48
   823                        ;			//printf("heap integrity broken:
                     too large next free num: %d "
   824                        ;			//		"(in block %d, a
                    ddr 0x%lx)\n", cur, prev,
   825                        ;			//		(unsigned long)&
                    UMM_NBLOCK(prev));
   826                        ;			k_debug_long("heap integrity bro
                    ken: too large next free num:",cur);
   827                        	.line	52
   828                        ;
   829                        ;			ok = 0;
   830                        	.line	54
   831                        ;			goto clean;
   832                        	.line	55
833: ***ERROR - Undefined symbol - <L10005>

   833 00:000D: 82 xx xx     	brl	L10005
   834                        ;		}
   835                        	.line	56
   836                        ;		if (cur == 0)
   837                        L10004:
   838                        	.line	57
   839                        ;		{
   840                        	.line	58
   841                        ;			/* No more free blocks */
   842                        ;			break;
   843                        	.line	60
   844 00:0010: 82 06 00     	brl	L10003
   845                        ;		}
   846                        	.line	61
   847                        ;
   848                        ;		/* Check if prev free block number match
                    es */
   849                        ;		if (UMM_PFREE(cur) != prev)
   850                        L10006:
   851                        	.line	64
   852                        ;		{
   853                        	.line	65
   854                        ;			//printf("heap integrity broken:
                     free links don't match: "
   855                        ;			//		"%d -> %d, but %
                    d -> %d\n",
   856                        ;			//		prev, cur, cur, 
                    UMM_PFREE(cur));
   857                        ;			k_debug_long("heap integrity bro
                    ken: free links don't match:",cur);
   858                        	.line	69
   859                        ;			ok = 0;
  Mon Jun  7 2021  9:08                                                Page 18


   860                        	.line	70
   861                        ;			goto clean;
   862                        	.line	71
863: ***ERROR - Undefined symbol - <L10005>

   863 00:0013: 82 xx xx     	brl	L10005
   864                        ;		}
   865                        	.line	72
   866                        ;
   867                        ;		UMM_PBLOCK(cur) |= UMM_FREELIST_MASK;
   868                        L10007:
   869                        	.line	74
   870                        ;
   871                        ;		prev = cur;
   872                        	.line	76
   873                        ;	}
   874                        	.endblock	77
   875                        	.line	77
   876 00:0016: 82 F4 FF     	brl	L10002
   877                        L10003:
   878                        ;
   879                        ;	/* Iterate through all blocks */
   880                        ;	prev = 0;
   881                        	.line	80
   882                        ;	while(1)
   883                        	.line	81
   884                        L10008:
   885                        ;	{
   886                        	.line	82
   887                        ;		cur = UMM_NBLOCK(prev) & UMM_BLOCKNO_MAS
                    K;
   888                        	.line	83


      Lines assembled: 888
      Errors: 4
